[16-Sep-2023 13:13:38 UTC] PHP Warning:  Undefined property: stdClass::$currency_data in /var/www/html/website/wp-content/plugins/harmonypay/vendor/harmonypay/api/src/v2/Account.php on line 45
[16-Sep-2023 13:13:38 UTC] PHP Warning:  foreach() argument must be of type array|object, null given in /var/www/html/website/wp-content/plugins/harmonypay/src/currencies_trait.php on line 49
[16-Sep-2023 13:13:38 UTC] PHP Warning:  Undefined property: stdClass::$currency_data in /var/www/html/website/wp-content/plugins/harmonypay/vendor/harmonypay/api/src/v2/Account.php on line 45
[16-Sep-2023 13:13:38 UTC] PHP Warning:  foreach() argument must be of type array|object, null given in /var/www/html/website/wp-content/plugins/harmonypay/src/currencies_trait.php on line 49
[16-Sep-2023 13:13:38 UTC] PHP Warning:  Undefined property: stdClass::$currency_data in /var/www/html/website/wp-content/plugins/harmonypay/vendor/harmonypay/api/src/v2/Account.php on line 45
[16-Sep-2023 13:13:38 UTC] PHP Warning:  foreach() argument must be of type array|object, null given in /var/www/html/website/wp-content/plugins/harmonypay/src/currencies_trait.php on line 49
[16-Sep-2023 13:13:39 UTC] PHP Warning:  Undefined property: stdClass::$currency_data in /var/www/html/website/wp-content/plugins/harmonypay/vendor/harmonypay/api/src/v2/Account.php on line 45
[16-Sep-2023 13:13:39 UTC] PHP Warning:  foreach() argument must be of type array|object, null given in /var/www/html/website/wp-content/plugins/harmonypay/src/currencies_trait.php on line 49
[16-Sep-2023 13:14:09 UTC] PHP Warning:  Undefined property: stdClass::$currency_data in /var/www/html/website/wp-content/plugins/harmonypay/vendor/harmonypay/api/src/v2/Account.php on line 45
[16-Sep-2023 13:14:09 UTC] PHP Warning:  foreach() argument must be of type array|object, null given in /var/www/html/website/wp-content/plugins/harmonypay/src/currencies_trait.php on line 49
[16-Sep-2023 13:14:10 UTC] PHP Warning:  Undefined property: stdClass::$currency_data in /var/www/html/website/wp-content/plugins/harmonypay/vendor/harmonypay/api/src/v2/Account.php on line 45
[16-Sep-2023 13:14:10 UTC] PHP Warning:  foreach() argument must be of type array|object, null given in /var/www/html/website/wp-content/plugins/harmonypay/src/currencies_trait.php on line 49
[16-Sep-2023 13:14:27 UTC] PHP Warning:  Undefined property: stdClass::$currency_data in /var/www/html/website/wp-content/plugins/harmonypay/vendor/harmonypay/api/src/v2/Account.php on line 45
[16-Sep-2023 13:14:27 UTC] PHP Warning:  foreach() argument must be of type array|object, null given in /var/www/html/website/wp-content/plugins/harmonypay/src/currencies_trait.php on line 49
[16-Sep-2023 13:14:28 UTC] PHP Warning:  Undefined property: stdClass::$currency_data in /var/www/html/website/wp-content/plugins/harmonypay/vendor/harmonypay/api/src/v2/Account.php on line 45
[16-Sep-2023 13:14:28 UTC] PHP Warning:  foreach() argument must be of type array|object, null given in /var/www/html/website/wp-content/plugins/harmonypay/src/currencies_trait.php on line 49
[16-Sep-2023 13:14:29 UTC] PHP Warning:  Undefined property: stdClass::$currency_data in /var/www/html/website/wp-content/plugins/harmonypay/vendor/harmonypay/api/src/v2/Account.php on line 45
[16-Sep-2023 13:14:29 UTC] PHP Warning:  foreach() argument must be of type array|object, null given in /var/www/html/website/wp-content/plugins/harmonypay/src/currencies_trait.php on line 49
[16-Sep-2023 13:14:30 UTC] PHP Warning:  Undefined property: stdClass::$currency_data in /var/www/html/website/wp-content/plugins/harmonypay/vendor/harmonypay/api/src/v2/Account.php on line 45
[16-Sep-2023 13:14:30 UTC] PHP Warning:  foreach() argument must be of type array|object, null given in /var/www/html/website/wp-content/plugins/harmonypay/src/currencies_trait.php on line 49
[16-Sep-2023 13:14:30 UTC] PHP Warning:  Undefined property: stdClass::$currency_data in /var/www/html/website/wp-content/plugins/harmonypay/vendor/harmonypay/api/src/v2/Account.php on line 45
[16-Sep-2023 13:14:30 UTC] PHP Warning:  foreach() argument must be of type array|object, null given in /var/www/html/website/wp-content/plugins/harmonypay/src/currencies_trait.php on line 49
[16-Sep-2023 13:14:30 UTC] PHP Warning:  Undefined property: stdClass::$currency_data in /var/www/html/website/wp-content/plugins/harmonypay/vendor/harmonypay/api/src/v2/Account.php on line 45
[16-Sep-2023 13:14:30 UTC] PHP Warning:  foreach() argument must be of type array|object, null given in /var/www/html/website/wp-content/plugins/harmonypay/src/currencies_trait.php on line 49
[16-Sep-2023 13:14:31 UTC] PHP Warning:  Undefined property: stdClass::$currency_data in /var/www/html/website/wp-content/plugins/harmonypay/vendor/harmonypay/api/src/v2/Account.php on line 45
[16-Sep-2023 13:14:31 UTC] PHP Warning:  foreach() argument must be of type array|object, null given in /var/www/html/website/wp-content/plugins/harmonypay/src/currencies_trait.php on line 49
[16-Sep-2023 13:14:34 UTC] PHP Warning:  Undefined property: stdClass::$currency_data in /var/www/html/website/wp-content/plugins/harmonypay/vendor/harmonypay/api/src/v2/Account.php on line 45
[16-Sep-2023 13:14:34 UTC] PHP Warning:  foreach() argument must be of type array|object, null given in /var/www/html/website/wp-content/plugins/harmonypay/src/currencies_trait.php on line 49
[16-Sep-2023 13:14:34 UTC] PHP Warning:  Undefined property: stdClass::$currency_data in /var/www/html/website/wp-content/plugins/harmonypay/vendor/harmonypay/api/src/v2/Account.php on line 45
[16-Sep-2023 13:14:34 UTC] PHP Warning:  foreach() argument must be of type array|object, null given in /var/www/html/website/wp-content/plugins/harmonypay/src/currencies_trait.php on line 49
[16-Sep-2023 13:14:39 UTC] PHP Warning:  Undefined property: stdClass::$currency_data in /var/www/html/website/wp-content/plugins/harmonypay/vendor/harmonypay/api/src/v2/Account.php on line 45
[16-Sep-2023 13:14:39 UTC] PHP Warning:  foreach() argument must be of type array|object, null given in /var/www/html/website/wp-content/plugins/harmonypay/src/currencies_trait.php on line 49
[16-Sep-2023 13:14:40 UTC] PHP Warning:  Undefined property: stdClass::$currency_data in /var/www/html/website/wp-content/plugins/harmonypay/vendor/harmonypay/api/src/v2/Account.php on line 45
[16-Sep-2023 13:14:40 UTC] PHP Warning:  foreach() argument must be of type array|object, null given in /var/www/html/website/wp-content/plugins/harmonypay/src/currencies_trait.php on line 49
[16-Sep-2023 13:14:40 UTC] PHP Warning:  Undefined property: stdClass::$currency_data in /var/www/html/website/wp-content/plugins/harmonypay/vendor/harmonypay/api/src/v2/Account.php on line 45
[16-Sep-2023 13:14:40 UTC] PHP Warning:  foreach() argument must be of type array|object, null given in /var/www/html/website/wp-content/plugins/harmonypay/src/currencies_trait.php on line 49
[16-Sep-2023 13:14:40 UTC] PHP Warning:  Undefined property: stdClass::$currency_data in /var/www/html/website/wp-content/plugins/harmonypay/vendor/harmonypay/api/src/v2/Account.php on line 45
[16-Sep-2023 13:14:40 UTC] PHP Warning:  foreach() argument must be of type array|object, null given in /var/www/html/website/wp-content/plugins/harmonypay/src/currencies_trait.php on line 49
[16-Sep-2023 13:14:45 UTC] PHP Warning:  Undefined property: stdClass::$currency_data in /var/www/html/website/wp-content/plugins/harmonypay/vendor/harmonypay/api/src/v2/Account.php on line 45
[16-Sep-2023 13:14:45 UTC] PHP Warning:  foreach() argument must be of type array|object, null given in /var/www/html/website/wp-content/plugins/harmonypay/src/currencies_trait.php on line 49
[16-Sep-2023 13:14:46 UTC] PHP Warning:  Undefined property: stdClass::$currency_data in /var/www/html/website/wp-content/plugins/harmonypay/vendor/harmonypay/api/src/v2/Account.php on line 45
[16-Sep-2023 13:14:46 UTC] PHP Warning:  foreach() argument must be of type array|object, null given in /var/www/html/website/wp-content/plugins/harmonypay/src/currencies_trait.php on line 49
[16-Sep-2023 13:15:03 UTC] PHP Warning:  Undefined property: stdClass::$currency_data in /var/www/html/website/wp-content/plugins/harmonypay/vendor/harmonypay/api/src/v2/Account.php on line 45
[16-Sep-2023 13:15:03 UTC] PHP Warning:  foreach() argument must be of type array|object, null given in /var/www/html/website/wp-content/plugins/harmonypay/src/currencies_trait.php on line 49
[16-Sep-2023 13:15:08 UTC] PHP Warning:  Undefined property: stdClass::$currency_data in /var/www/html/website/wp-content/plugins/harmonypay/vendor/harmonypay/api/src/v2/Account.php on line 45
[16-Sep-2023 13:15:08 UTC] PHP Warning:  foreach() argument must be of type array|object, null given in /var/www/html/website/wp-content/plugins/harmonypay/src/currencies_trait.php on line 49
[16-Sep-2023 13:15:09 UTC] PHP Warning:  Undefined property: stdClass::$currency_data in /var/www/html/website/wp-content/plugins/harmonypay/vendor/harmonypay/api/src/v2/Account.php on line 45
[16-Sep-2023 13:15:09 UTC] PHP Warning:  foreach() argument must be of type array|object, null given in /var/www/html/website/wp-content/plugins/harmonypay/src/currencies_trait.php on line 49
[16-Sep-2023 13:15:14 UTC] PHP Warning:  Undefined property: stdClass::$currency_data in /var/www/html/website/wp-content/plugins/harmonypay/vendor/harmonypay/api/src/v2/Account.php on line 45
[16-Sep-2023 13:15:14 UTC] PHP Warning:  foreach() argument must be of type array|object, null given in /var/www/html/website/wp-content/plugins/harmonypay/src/currencies_trait.php on line 49
[16-Sep-2023 13:15:19 UTC] PHP Warning:  Undefined property: stdClass::$currency_data in /var/www/html/website/wp-content/plugins/harmonypay/vendor/harmonypay/api/src/v2/Account.php on line 45
[16-Sep-2023 13:15:19 UTC] PHP Warning:  foreach() argument must be of type array|object, null given in /var/www/html/website/wp-content/plugins/harmonypay/src/currencies_trait.php on line 49
[16-Sep-2023 13:15:19 UTC] PHP Warning:  Undefined property: stdClass::$currency_data in /var/www/html/website/wp-content/plugins/harmonypay/vendor/harmonypay/api/src/v2/Account.php on line 45
[16-Sep-2023 13:15:19 UTC] PHP Warning:  foreach() argument must be of type array|object, null given in /var/www/html/website/wp-content/plugins/harmonypay/src/currencies_trait.php on line 49
[16-Sep-2023 13:15:20 UTC] PHP Warning:  Undefined property: stdClass::$currency_data in /var/www/html/website/wp-content/plugins/harmonypay/vendor/harmonypay/api/src/v2/Account.php on line 45
[16-Sep-2023 13:15:20 UTC] PHP Warning:  foreach() argument must be of type array|object, null given in /var/www/html/website/wp-content/plugins/harmonypay/src/currencies_trait.php on line 49
[16-Sep-2023 13:15:22 UTC] PHP Warning:  Undefined property: stdClass::$currency_data in /var/www/html/website/wp-content/plugins/harmonypay/vendor/harmonypay/api/src/v2/Account.php on line 45
[16-Sep-2023 13:15:22 UTC] PHP Warning:  foreach() argument must be of type array|object, null given in /var/www/html/website/wp-content/plugins/harmonypay/src/currencies_trait.php on line 49
[17-Sep-2023 15:47:49 UTC] Cron reschedule event error for hook: action_scheduler_run_queue, Error code: could_not_set, Error message: The cron event list could not be saved., Data: {"schedule":"every_minute","args":["WP Cron"],"interval":60}
[17-Sep-2023 15:47:49 UTC] Cron reschedule event error for hook: litespeed_task_imgoptm_pull, Error code: could_not_set, Error message: The cron event list could not be saved., Data: {"schedule":"litespeed_filter","args":[],"interval":60}
[18-Sep-2023 04:07:47 UTC] PHP Warning:  Array to string conversion in /var/www/html/website/wp-content/plugins/litespeed-cache/src/tag.cls.php on line 249
[18-Sep-2023 09:14:56 UTC] PHP Warning:  Array to string conversion in /var/www/html/website/wp-content/plugins/litespeed-cache/src/tag.cls.php on line 249
[18-Sep-2023 09:14:57 UTC] PHP Warning:  Array to string conversion in /var/www/html/website/wp-content/plugins/litespeed-cache/src/tag.cls.php on line 249
[18-Sep-2023 09:14:57 UTC] PHP Warning:  Array to string conversion in /var/www/html/website/wp-content/plugins/litespeed-cache/src/tag.cls.php on line 249
[18-Sep-2023 09:14:58 UTC] PHP Warning:  Array to string conversion in /var/www/html/website/wp-content/plugins/litespeed-cache/src/tag.cls.php on line 249
[18-Sep-2023 09:19:30 UTC] PHP Warning:  Array to string conversion in /var/www/html/website/wp-content/plugins/litespeed-cache/src/tag.cls.php on line 249
[18-Sep-2023 09:19:30 UTC] PHP Warning:  Array to string conversion in /var/www/html/website/wp-content/plugins/litespeed-cache/src/tag.cls.php on line 249
[18-Sep-2023 09:22:46 UTC] PHP Warning:  Array to string conversion in /var/www/html/website/wp-content/plugins/litespeed-cache/src/tag.cls.php on line 249
[18-Sep-2023 09:22:47 UTC] PHP Warning:  Array to string conversion in /var/www/html/website/wp-content/plugins/litespeed-cache/src/tag.cls.php on line 249
[18-Sep-2023 09:23:04 UTC] PHP Warning:  Array to string conversion in /var/www/html/website/wp-content/plugins/litespeed-cache/src/tag.cls.php on line 249
[18-Sep-2023 09:23:05 UTC] PHP Warning:  Array to string conversion in /var/www/html/website/wp-content/plugins/litespeed-cache/src/tag.cls.php on line 249
[18-Sep-2023 09:31:37 UTC] PHP Warning:  Array to string conversion in /var/www/html/website/wp-content/plugins/litespeed-cache/src/tag.cls.php on line 249
[18-Sep-2023 09:31:38 UTC] PHP Warning:  Array to string conversion in /var/www/html/website/wp-content/plugins/litespeed-cache/src/tag.cls.php on line 249
[18-Sep-2023 09:32:03 UTC] PHP Warning:  Array to string conversion in /var/www/html/website/wp-content/plugins/litespeed-cache/src/tag.cls.php on line 249
[18-Sep-2023 09:34:19 UTC] PHP Warning:  Array to string conversion in /var/www/html/website/wp-content/plugins/litespeed-cache/src/tag.cls.php on line 249
[18-Sep-2023 09:34:19 UTC] PHP Warning:  Array to string conversion in /var/www/html/website/wp-content/plugins/litespeed-cache/src/tag.cls.php on line 249
[18-Sep-2023 09:34:21 UTC] PHP Warning:  Array to string conversion in /var/www/html/website/wp-content/plugins/litespeed-cache/src/tag.cls.php on line 249
[18-Sep-2023 09:34:22 UTC] PHP Warning:  Array to string conversion in /var/www/html/website/wp-content/plugins/litespeed-cache/src/tag.cls.php on line 249
[18-Sep-2023 09:34:55 UTC] PHP Warning:  Array to string conversion in /var/www/html/website/wp-content/plugins/litespeed-cache/src/tag.cls.php on line 249
[18-Sep-2023 09:35:21 UTC] PHP Warning:  Array to string conversion in /var/www/html/website/wp-content/plugins/litespeed-cache/src/tag.cls.php on line 249
[18-Sep-2023 09:35:22 UTC] PHP Warning:  Array to string conversion in /var/www/html/website/wp-content/plugins/litespeed-cache/src/tag.cls.php on line 249
[18-Sep-2023 09:35:22 UTC] PHP Warning:  Array to string conversion in /var/www/html/website/wp-content/plugins/litespeed-cache/src/tag.cls.php on line 249
[18-Sep-2023 09:35:23 UTC] PHP Warning:  Array to string conversion in /var/www/html/website/wp-content/plugins/litespeed-cache/src/tag.cls.php on line 249
[18-Sep-2023 09:40:04 UTC] PHP Deprecated:  Function get_page_by_title is <strong>deprecated</strong> since version 6.2.0! Use WP_Query instead. in /var/www/html/website/wp-includes/functions.php on line 5453
[18-Sep-2023 09:40:04 UTC] PHP Deprecated:  Function get_page_by_title is <strong>deprecated</strong> since version 6.2.0! Use WP_Query instead. in /var/www/html/website/wp-includes/functions.php on line 5453
[18-Sep-2023 09:44:36 UTC] PHP Deprecated:  Function get_page_by_title is <strong>deprecated</strong> since version 6.2.0! Use WP_Query instead. in /var/www/html/website/wp-includes/functions.php on line 5453
[18-Sep-2023 09:44:36 UTC] PHP Deprecated:  Function get_page_by_title is <strong>deprecated</strong> since version 6.2.0! Use WP_Query instead. in /var/www/html/website/wp-includes/functions.php on line 5453
