2023-10-09T02:55:43+00:00 CRITICAL Uncaught Error: Cannot use object of type WP_Error as array in /var/www/html/website/wp-content/plugins/mycred/modules/mycred-module-addons.php:625
Stack trace:
#0 /var/www/html/website/wp-includes/class-wp-hook.php(310): myCRED_Addons_Module->admin_page()
#1 /var/www/html/website/wp-includes/class-wp-hook.php(334): WP_Hook->apply_filters()
#2 /var/www/html/website/wp-includes/plugin.php(517): WP_Hook->do_action()
#3 /var/www/html/website/wp-admin/admin.php(259): do_action()
#4 {main}
  thrown in /var/www/html/website/wp-content/plugins/mycred/modules/mycred-module-addons.php on line 625

2023-10-09T02:55:51+00:00 CRITICAL Uncaught Error: Cannot use object of type WP_Error as array in /var/www/html/website/wp-content/plugins/mycred/modules/mycred-module-addons.php:625
Stack trace:
#0 /var/www/html/website/wp-includes/class-wp-hook.php(310): myCRED_Addons_Module->admin_page()
#1 /var/www/html/website/wp-includes/class-wp-hook.php(334): WP_Hook->apply_filters()
#2 /var/www/html/website/wp-includes/plugin.php(517): WP_Hook->do_action()
#3 /var/www/html/website/wp-admin/admin.php(259): do_action()
#4 {main}
  thrown in /var/www/html/website/wp-content/plugins/mycred/modules/mycred-module-addons.php on line 625

2023-10-09T03:04:12+00:00 CRITICAL Uncaught TypeError: Unsupported operand types: string + string in /var/www/html/website/wp-content/plugins/mycred/addons/cash-creds/includes/cashcred-shortcodes.php:126
Stack trace:
#0 /var/www/html/website/wp-includes/shortcodes.php(395): mycred_render_cashcred()
#1 [internal function]: do_shortcode_tag()
#2 /var/www/html/website/wp-includes/shortcodes.php(235): preg_replace_callback()
#3 /var/www/html/website/wp-content/plugins/elementor/includes/widgets/shortcode.php(130): do_shortcode()
#4 /var/www/html/website/wp-content/plugins/elementor/includes/base/controls-stack.php(2265): Elementor\Widget_Shortcode->render()
#5 /var/www/html/website/wp-content/plugins/elementor/includes/base/widget-base.php(609): Elementor\Controls_Stack->render_by_mode()
#6 /var/www/html/website/wp-content/plugins/elementor/includes/base/widget-base.php(750): Elementor\Widget_Base->render_content()
#7 /var/www/html/website/wp-content/plugins/elementor/includes/base/element-base.php(464): Elementor\Widget_Base->print_content()
#8 /var/www/html/website/wp-content/plugins/elementor/includes/base/element-base.php(1375): Elementor\Element_Base->print_element()
#9 /var/www/html/website/wp-content/plugins/elementor/includes/base/element-base.php(464): Elementor\Element_Base->print_content()
#10 /var/www/html/website/wp-content/plugins/elementor/includes/base/element-base.php(1375): Elementor\Element_Base->print_element()
#11 /var/www/html/website/wp-content/plugins/elementor/includes/base/element-base.php(464): Elementor\Element_Base->print_content()
#12 /var/www/html/website/wp-content/plugins/elementor/core/base/document.php(1739): Elementor\Element_Base->print_element()
#13 /var/www/html/website/wp-content/plugins/elementor/core/base/document.php(1134): Elementor\Core\Base\Document->print_elements()
#14 /var/www/html/website/wp-content/plugins/elementor/includes/frontend.php(1179): Elementor\Core\Base\Document->print_elements_with_wrapper()
#15 /var/www/html/website/wp-content/plugins/elementor/includes/frontend.php(1074): Elementor\Frontend->get_builder_content()
#16 /var/www/html/website/wp-includes/class-wp-hook.php(310): Elementor\Frontend->apply_builder_in_content()
#17 /var/www/html/website/wp-includes/plugin.php(205): WP_Hook->apply_filters()
#18 /var/www/html/website/wp-includes/post-template.php(256): apply_filters()
#19 /var/www/html/website/wp-content/plugins/elementor/modules/page-templates/module.php(190): the_content()
#20 [internal function]: Elementor\Modules\PageTemplates\Module->print_callback()
#21 /var/www/html/website/wp-content/plugins/elementor/modules/page-templates/module.php(207): call_user_func()
#22 /var/www/html/website/wp-content/plugins/elementor/modules/page-templates/templates/canvas.php(38): Elementor\Modules\PageTemplates\Module->print_content()
#23 /var/www/html/website/wp-includes/template-loader.php(106): include('...')
#24 /var/www/html/website/wp-blog-header.php(19): require_once('...')
#25 /var/www/html/website/index.php(17): require('...')
#26 {main}
  thrown in /var/www/html/website/wp-content/plugins/mycred/addons/cash-creds/includes/cashcred-shortcodes.php on line 126

2023-10-09T03:04:34+00:00 CRITICAL Uncaught TypeError: Unsupported operand types: string + string in /var/www/html/website/wp-content/plugins/mycred/addons/cash-creds/includes/cashcred-shortcodes.php:126
Stack trace:
#0 /var/www/html/website/wp-includes/shortcodes.php(395): mycred_render_cashcred()
#1 [internal function]: do_shortcode_tag()
#2 /var/www/html/website/wp-includes/shortcodes.php(235): preg_replace_callback()
#3 /var/www/html/website/wp-content/plugins/elementor/includes/widgets/shortcode.php(130): do_shortcode()
#4 /var/www/html/website/wp-content/plugins/elementor/includes/base/controls-stack.php(2265): Elementor\Widget_Shortcode->render()
#5 /var/www/html/website/wp-content/plugins/elementor/includes/base/widget-base.php(609): Elementor\Controls_Stack->render_by_mode()
#6 /var/www/html/website/wp-content/plugins/elementor/includes/base/widget-base.php(750): Elementor\Widget_Base->render_content()
#7 /var/www/html/website/wp-content/plugins/elementor/includes/base/element-base.php(464): Elementor\Widget_Base->print_content()
#8 /var/www/html/website/wp-content/plugins/elementor/includes/base/element-base.php(1375): Elementor\Element_Base->print_element()
#9 /var/www/html/website/wp-content/plugins/elementor/includes/base/element-base.php(464): Elementor\Element_Base->print_content()
#10 /var/www/html/website/wp-content/plugins/elementor/includes/base/element-base.php(1375): Elementor\Element_Base->print_element()
#11 /var/www/html/website/wp-content/plugins/elementor/includes/base/element-base.php(464): Elementor\Element_Base->print_content()
#12 /var/www/html/website/wp-content/plugins/elementor/core/base/document.php(1739): Elementor\Element_Base->print_element()
#13 /var/www/html/website/wp-content/plugins/elementor/core/base/document.php(1134): Elementor\Core\Base\Document->print_elements()
#14 /var/www/html/website/wp-content/plugins/elementor/includes/frontend.php(1179): Elementor\Core\Base\Document->print_elements_with_wrapper()
#15 /var/www/html/website/wp-content/plugins/elementor/includes/frontend.php(1074): Elementor\Frontend->get_builder_content()
#16 /var/www/html/website/wp-includes/class-wp-hook.php(310): Elementor\Frontend->apply_builder_in_content()
#17 /var/www/html/website/wp-includes/plugin.php(205): WP_Hook->apply_filters()
#18 /var/www/html/website/wp-includes/post-template.php(256): apply_filters()
#19 /var/www/html/website/wp-content/plugins/elementor/modules/page-templates/module.php(190): the_content()
#20 [internal function]: Elementor\Modules\PageTemplates\Module->print_callback()
#21 /var/www/html/website/wp-content/plugins/elementor/modules/page-templates/module.php(207): call_user_func()
#22 /var/www/html/website/wp-content/plugins/elementor/modules/page-templates/templates/canvas.php(38): Elementor\Modules\PageTemplates\Module->print_content()
#23 /var/www/html/website/wp-includes/template-loader.php(106): include('...')
#24 /var/www/html/website/wp-blog-header.php(19): require_once('...')
#25 /var/www/html/website/index.php(17): require('...')
#26 {main}
  thrown in /var/www/html/website/wp-content/plugins/mycred/addons/cash-creds/includes/cashcred-shortcodes.php on line 126

2023-10-09T03:04:49+00:00 CRITICAL Uncaught TypeError: Unsupported operand types: string + string in /var/www/html/website/wp-content/plugins/mycred/addons/cash-creds/includes/cashcred-shortcodes.php:126
Stack trace:
#0 /var/www/html/website/wp-includes/shortcodes.php(395): mycred_render_cashcred()
#1 [internal function]: do_shortcode_tag()
#2 /var/www/html/website/wp-includes/shortcodes.php(235): preg_replace_callback()
#3 /var/www/html/website/wp-content/plugins/elementor/includes/widgets/shortcode.php(130): do_shortcode()
#4 /var/www/html/website/wp-content/plugins/elementor/includes/base/controls-stack.php(2265): Elementor\Widget_Shortcode->render()
#5 /var/www/html/website/wp-content/plugins/elementor/includes/base/widget-base.php(609): Elementor\Controls_Stack->render_by_mode()
#6 /var/www/html/website/wp-content/plugins/elementor/includes/base/widget-base.php(750): Elementor\Widget_Base->render_content()
#7 /var/www/html/website/wp-content/plugins/elementor/includes/base/element-base.php(464): Elementor\Widget_Base->print_content()
#8 /var/www/html/website/wp-content/plugins/elementor/includes/base/element-base.php(1375): Elementor\Element_Base->print_element()
#9 /var/www/html/website/wp-content/plugins/elementor/includes/base/element-base.php(464): Elementor\Element_Base->print_content()
#10 /var/www/html/website/wp-content/plugins/elementor/includes/base/element-base.php(1375): Elementor\Element_Base->print_element()
#11 /var/www/html/website/wp-content/plugins/elementor/includes/base/element-base.php(464): Elementor\Element_Base->print_content()
#12 /var/www/html/website/wp-content/plugins/elementor/core/base/document.php(1739): Elementor\Element_Base->print_element()
#13 /var/www/html/website/wp-content/plugins/elementor/core/base/document.php(1134): Elementor\Core\Base\Document->print_elements()
#14 /var/www/html/website/wp-content/plugins/elementor/includes/frontend.php(1179): Elementor\Core\Base\Document->print_elements_with_wrapper()
#15 /var/www/html/website/wp-content/plugins/elementor/includes/frontend.php(1074): Elementor\Frontend->get_builder_content()
#16 /var/www/html/website/wp-includes/class-wp-hook.php(310): Elementor\Frontend->apply_builder_in_content()
#17 /var/www/html/website/wp-includes/plugin.php(205): WP_Hook->apply_filters()
#18 /var/www/html/website/wp-includes/post-template.php(256): apply_filters()
#19 /var/www/html/website/wp-content/plugins/elementor/modules/page-templates/module.php(190): the_content()
#20 [internal function]: Elementor\Modules\PageTemplates\Module->print_callback()
#21 /var/www/html/website/wp-content/plugins/elementor/modules/page-templates/module.php(207): call_user_func()
#22 /var/www/html/website/wp-content/plugins/elementor/modules/page-templates/templates/canvas.php(38): Elementor\Modules\PageTemplates\Module->print_content()
#23 /var/www/html/website/wp-includes/template-loader.php(106): include('...')
#24 /var/www/html/website/wp-blog-header.php(19): require_once('...')
#25 /var/www/html/website/index.php(17): require('...')
#26 {main}
  thrown in /var/www/html/website/wp-content/plugins/mycred/addons/cash-creds/includes/cashcred-shortcodes.php on line 126

2023-10-09T03:06:30+00:00 CRITICAL Uncaught TypeError: Unsupported operand types: string + string in /var/www/html/website/wp-content/plugins/mycred/addons/cash-creds/includes/cashcred-shortcodes.php:126
Stack trace:
#0 /var/www/html/website/wp-includes/shortcodes.php(395): mycred_render_cashcred()
#1 [internal function]: do_shortcode_tag()
#2 /var/www/html/website/wp-includes/shortcodes.php(235): preg_replace_callback()
#3 /var/www/html/website/wp-content/plugins/elementor/includes/widgets/shortcode.php(130): do_shortcode()
#4 /var/www/html/website/wp-content/plugins/elementor/includes/base/controls-stack.php(2265): Elementor\Widget_Shortcode->render()
#5 /var/www/html/website/wp-content/plugins/elementor/includes/base/widget-base.php(609): Elementor\Controls_Stack->render_by_mode()
#6 /var/www/html/website/wp-content/plugins/elementor/includes/base/widget-base.php(750): Elementor\Widget_Base->render_content()
#7 /var/www/html/website/wp-content/plugins/elementor/includes/base/element-base.php(464): Elementor\Widget_Base->print_content()
#8 /var/www/html/website/wp-content/plugins/elementor/includes/base/element-base.php(1375): Elementor\Element_Base->print_element()
#9 /var/www/html/website/wp-content/plugins/elementor/includes/base/element-base.php(464): Elementor\Element_Base->print_content()
#10 /var/www/html/website/wp-content/plugins/elementor/includes/base/element-base.php(1375): Elementor\Element_Base->print_element()
#11 /var/www/html/website/wp-content/plugins/elementor/includes/base/element-base.php(464): Elementor\Element_Base->print_content()
#12 /var/www/html/website/wp-content/plugins/elementor/core/base/document.php(1739): Elementor\Element_Base->print_element()
#13 /var/www/html/website/wp-content/plugins/elementor/core/base/document.php(1134): Elementor\Core\Base\Document->print_elements()
#14 /var/www/html/website/wp-content/plugins/elementor/includes/frontend.php(1179): Elementor\Core\Base\Document->print_elements_with_wrapper()
#15 /var/www/html/website/wp-content/plugins/elementor/includes/frontend.php(1074): Elementor\Frontend->get_builder_content()
#16 /var/www/html/website/wp-includes/class-wp-hook.php(310): Elementor\Frontend->apply_builder_in_content()
#17 /var/www/html/website/wp-includes/plugin.php(205): WP_Hook->apply_filters()
#18 /var/www/html/website/wp-includes/post-template.php(256): apply_filters()
#19 /var/www/html/website/wp-content/plugins/elementor/modules/page-templates/module.php(190): the_content()
#20 [internal function]: Elementor\Modules\PageTemplates\Module->print_callback()
#21 /var/www/html/website/wp-content/plugins/elementor/modules/page-templates/module.php(207): call_user_func()
#22 /var/www/html/website/wp-content/plugins/elementor/modules/page-templates/templates/canvas.php(38): Elementor\Modules\PageTemplates\Module->print_content()
#23 /var/www/html/website/wp-includes/template-loader.php(106): include('...')
#24 /var/www/html/website/wp-blog-header.php(19): require_once('...')
#25 /var/www/html/website/index.php(17): require('...')
#26 {main}
  thrown in /var/www/html/website/wp-content/plugins/mycred/addons/cash-creds/includes/cashcred-shortcodes.php on line 126

2023-10-09T03:06:30+00:00 CRITICAL Uncaught TypeError: Unsupported operand types: string + string in /var/www/html/website/wp-content/plugins/mycred/addons/cash-creds/includes/cashcred-shortcodes.php:126
Stack trace:
#0 /var/www/html/website/wp-includes/shortcodes.php(395): mycred_render_cashcred()
#1 [internal function]: do_shortcode_tag()
#2 /var/www/html/website/wp-includes/shortcodes.php(235): preg_replace_callback()
#3 /var/www/html/website/wp-content/plugins/elementor/includes/widgets/shortcode.php(130): do_shortcode()
#4 /var/www/html/website/wp-content/plugins/elementor/includes/base/controls-stack.php(2265): Elementor\Widget_Shortcode->render()
#5 /var/www/html/website/wp-content/plugins/elementor/includes/base/widget-base.php(609): Elementor\Controls_Stack->render_by_mode()
#6 /var/www/html/website/wp-content/plugins/elementor/includes/base/widget-base.php(750): Elementor\Widget_Base->render_content()
#7 /var/www/html/website/wp-content/plugins/elementor/includes/base/element-base.php(464): Elementor\Widget_Base->print_content()
#8 /var/www/html/website/wp-content/plugins/elementor/includes/base/element-base.php(1375): Elementor\Element_Base->print_element()
#9 /var/www/html/website/wp-content/plugins/elementor/includes/base/element-base.php(464): Elementor\Element_Base->print_content()
#10 /var/www/html/website/wp-content/plugins/elementor/includes/base/element-base.php(1375): Elementor\Element_Base->print_element()
#11 /var/www/html/website/wp-content/plugins/elementor/includes/base/element-base.php(464): Elementor\Element_Base->print_content()
#12 /var/www/html/website/wp-content/plugins/elementor/core/base/document.php(1739): Elementor\Element_Base->print_element()
#13 /var/www/html/website/wp-content/plugins/elementor/core/base/document.php(1134): Elementor\Core\Base\Document->print_elements()
#14 /var/www/html/website/wp-content/plugins/elementor/includes/frontend.php(1179): Elementor\Core\Base\Document->print_elements_with_wrapper()
#15 /var/www/html/website/wp-content/plugins/elementor/includes/frontend.php(1074): Elementor\Frontend->get_builder_content()
#16 /var/www/html/website/wp-includes/class-wp-hook.php(310): Elementor\Frontend->apply_builder_in_content()
#17 /var/www/html/website/wp-includes/plugin.php(205): WP_Hook->apply_filters()
#18 /var/www/html/website/wp-includes/post-template.php(256): apply_filters()
#19 /var/www/html/website/wp-content/plugins/elementor/modules/page-templates/module.php(190): the_content()
#20 [internal function]: Elementor\Modules\PageTemplates\Module->print_callback()
#21 /var/www/html/website/wp-content/plugins/elementor/modules/page-templates/module.php(207): call_user_func()
#22 /var/www/html/website/wp-content/plugins/elementor/modules/page-templates/templates/canvas.php(38): Elementor\Modules\PageTemplates\Module->print_content()
#23 /var/www/html/website/wp-includes/template-loader.php(106): include('...')
#24 /var/www/html/website/wp-blog-header.php(19): require_once('...')
#25 /var/www/html/website/index.php(17): require('...')
#26 {main}
  thrown in /var/www/html/website/wp-content/plugins/mycred/addons/cash-creds/includes/cashcred-shortcodes.php on line 126

2023-10-09T03:06:31+00:00 CRITICAL Uncaught TypeError: Unsupported operand types: string + string in /var/www/html/website/wp-content/plugins/mycred/addons/cash-creds/includes/cashcred-shortcodes.php:126
Stack trace:
#0 /var/www/html/website/wp-includes/shortcodes.php(395): mycred_render_cashcred()
#1 [internal function]: do_shortcode_tag()
#2 /var/www/html/website/wp-includes/shortcodes.php(235): preg_replace_callback()
#3 /var/www/html/website/wp-content/plugins/elementor/includes/widgets/shortcode.php(130): do_shortcode()
#4 /var/www/html/website/wp-content/plugins/elementor/includes/base/controls-stack.php(2265): Elementor\Widget_Shortcode->render()
#5 /var/www/html/website/wp-content/plugins/elementor/includes/base/widget-base.php(609): Elementor\Controls_Stack->render_by_mode()
#6 /var/www/html/website/wp-content/plugins/elementor/includes/base/widget-base.php(750): Elementor\Widget_Base->render_content()
#7 /var/www/html/website/wp-content/plugins/elementor/includes/base/element-base.php(464): Elementor\Widget_Base->print_content()
#8 /var/www/html/website/wp-content/plugins/elementor/includes/base/element-base.php(1375): Elementor\Element_Base->print_element()
#9 /var/www/html/website/wp-content/plugins/elementor/includes/base/element-base.php(464): Elementor\Element_Base->print_content()
#10 /var/www/html/website/wp-content/plugins/elementor/includes/base/element-base.php(1375): Elementor\Element_Base->print_element()
#11 /var/www/html/website/wp-content/plugins/elementor/includes/base/element-base.php(464): Elementor\Element_Base->print_content()
#12 /var/www/html/website/wp-content/plugins/elementor/core/base/document.php(1739): Elementor\Element_Base->print_element()
#13 /var/www/html/website/wp-content/plugins/elementor/core/base/document.php(1134): Elementor\Core\Base\Document->print_elements()
#14 /var/www/html/website/wp-content/plugins/elementor/includes/frontend.php(1179): Elementor\Core\Base\Document->print_elements_with_wrapper()
#15 /var/www/html/website/wp-content/plugins/elementor/includes/frontend.php(1074): Elementor\Frontend->get_builder_content()
#16 /var/www/html/website/wp-includes/class-wp-hook.php(310): Elementor\Frontend->apply_builder_in_content()
#17 /var/www/html/website/wp-includes/plugin.php(205): WP_Hook->apply_filters()
#18 /var/www/html/website/wp-includes/post-template.php(256): apply_filters()
#19 /var/www/html/website/wp-content/plugins/elementor/modules/page-templates/module.php(190): the_content()
#20 [internal function]: Elementor\Modules\PageTemplates\Module->print_callback()
#21 /var/www/html/website/wp-content/plugins/elementor/modules/page-templates/module.php(207): call_user_func()
#22 /var/www/html/website/wp-content/plugins/elementor/modules/page-templates/templates/canvas.php(38): Elementor\Modules\PageTemplates\Module->print_content()
#23 /var/www/html/website/wp-includes/template-loader.php(106): include('...')
#24 /var/www/html/website/wp-blog-header.php(19): require_once('...')
#25 /var/www/html/website/index.php(17): require('...')
#26 {main}
  thrown in /var/www/html/website/wp-content/plugins/mycred/addons/cash-creds/includes/cashcred-shortcodes.php on line 126

2023-10-09T03:06:32+00:00 CRITICAL Uncaught TypeError: Unsupported operand types: string + string in /var/www/html/website/wp-content/plugins/mycred/addons/cash-creds/includes/cashcred-shortcodes.php:126
Stack trace:
#0 /var/www/html/website/wp-includes/shortcodes.php(395): mycred_render_cashcred()
#1 [internal function]: do_shortcode_tag()
#2 /var/www/html/website/wp-includes/shortcodes.php(235): preg_replace_callback()
#3 /var/www/html/website/wp-content/plugins/elementor/includes/widgets/shortcode.php(130): do_shortcode()
#4 /var/www/html/website/wp-content/plugins/elementor/includes/base/controls-stack.php(2265): Elementor\Widget_Shortcode->render()
#5 /var/www/html/website/wp-content/plugins/elementor/includes/base/widget-base.php(609): Elementor\Controls_Stack->render_by_mode()
#6 /var/www/html/website/wp-content/plugins/elementor/includes/base/widget-base.php(750): Elementor\Widget_Base->render_content()
#7 /var/www/html/website/wp-content/plugins/elementor/includes/base/element-base.php(464): Elementor\Widget_Base->print_content()
#8 /var/www/html/website/wp-content/plugins/elementor/includes/base/element-base.php(1375): Elementor\Element_Base->print_element()
#9 /var/www/html/website/wp-content/plugins/elementor/includes/base/element-base.php(464): Elementor\Element_Base->print_content()
#10 /var/www/html/website/wp-content/plugins/elementor/includes/base/element-base.php(1375): Elementor\Element_Base->print_element()
#11 /var/www/html/website/wp-content/plugins/elementor/includes/base/element-base.php(464): Elementor\Element_Base->print_content()
#12 /var/www/html/website/wp-content/plugins/elementor/core/base/document.php(1739): Elementor\Element_Base->print_element()
#13 /var/www/html/website/wp-content/plugins/elementor/core/base/document.php(1134): Elementor\Core\Base\Document->print_elements()
#14 /var/www/html/website/wp-content/plugins/elementor/includes/frontend.php(1179): Elementor\Core\Base\Document->print_elements_with_wrapper()
#15 /var/www/html/website/wp-content/plugins/elementor/includes/frontend.php(1074): Elementor\Frontend->get_builder_content()
#16 /var/www/html/website/wp-includes/class-wp-hook.php(310): Elementor\Frontend->apply_builder_in_content()
#17 /var/www/html/website/wp-includes/plugin.php(205): WP_Hook->apply_filters()
#18 /var/www/html/website/wp-includes/post-template.php(256): apply_filters()
#19 /var/www/html/website/wp-content/plugins/elementor/modules/page-templates/module.php(190): the_content()
#20 [internal function]: Elementor\Modules\PageTemplates\Module->print_callback()
#21 /var/www/html/website/wp-content/plugins/elementor/modules/page-templates/module.php(207): call_user_func()
#22 /var/www/html/website/wp-content/plugins/elementor/modules/page-templates/templates/canvas.php(38): Elementor\Modules\PageTemplates\Module->print_content()
#23 /var/www/html/website/wp-includes/template-loader.php(106): include('...')
#24 /var/www/html/website/wp-blog-header.php(19): require_once('...')
#25 /var/www/html/website/index.php(17): require('...')
#26 {main}
  thrown in /var/www/html/website/wp-content/plugins/mycred/addons/cash-creds/includes/cashcred-shortcodes.php on line 126

2023-10-09T03:06:32+00:00 CRITICAL Uncaught TypeError: Unsupported operand types: string + string in /var/www/html/website/wp-content/plugins/mycred/addons/cash-creds/includes/cashcred-shortcodes.php:126
Stack trace:
#0 /var/www/html/website/wp-includes/shortcodes.php(395): mycred_render_cashcred()
#1 [internal function]: do_shortcode_tag()
#2 /var/www/html/website/wp-includes/shortcodes.php(235): preg_replace_callback()
#3 /var/www/html/website/wp-content/plugins/elementor/includes/widgets/shortcode.php(130): do_shortcode()
#4 /var/www/html/website/wp-content/plugins/elementor/includes/base/controls-stack.php(2265): Elementor\Widget_Shortcode->render()
#5 /var/www/html/website/wp-content/plugins/elementor/includes/base/widget-base.php(609): Elementor\Controls_Stack->render_by_mode()
#6 /var/www/html/website/wp-content/plugins/elementor/includes/base/widget-base.php(750): Elementor\Widget_Base->render_content()
#7 /var/www/html/website/wp-content/plugins/elementor/includes/base/element-base.php(464): Elementor\Widget_Base->print_content()
#8 /var/www/html/website/wp-content/plugins/elementor/includes/base/element-base.php(1375): Elementor\Element_Base->print_element()
#9 /var/www/html/website/wp-content/plugins/elementor/includes/base/element-base.php(464): Elementor\Element_Base->print_content()
#10 /var/www/html/website/wp-content/plugins/elementor/includes/base/element-base.php(1375): Elementor\Element_Base->print_element()
#11 /var/www/html/website/wp-content/plugins/elementor/includes/base/element-base.php(464): Elementor\Element_Base->print_content()
#12 /var/www/html/website/wp-content/plugins/elementor/core/base/document.php(1739): Elementor\Element_Base->print_element()
#13 /var/www/html/website/wp-content/plugins/elementor/core/base/document.php(1134): Elementor\Core\Base\Document->print_elements()
#14 /var/www/html/website/wp-content/plugins/elementor/includes/frontend.php(1179): Elementor\Core\Base\Document->print_elements_with_wrapper()
#15 /var/www/html/website/wp-content/plugins/elementor/includes/frontend.php(1074): Elementor\Frontend->get_builder_content()
#16 /var/www/html/website/wp-includes/class-wp-hook.php(310): Elementor\Frontend->apply_builder_in_content()
#17 /var/www/html/website/wp-includes/plugin.php(205): WP_Hook->apply_filters()
#18 /var/www/html/website/wp-includes/post-template.php(256): apply_filters()
#19 /var/www/html/website/wp-content/plugins/elementor/modules/page-templates/module.php(190): the_content()
#20 [internal function]: Elementor\Modules\PageTemplates\Module->print_callback()
#21 /var/www/html/website/wp-content/plugins/elementor/modules/page-templates/module.php(207): call_user_func()
#22 /var/www/html/website/wp-content/plugins/elementor/modules/page-templates/templates/canvas.php(38): Elementor\Modules\PageTemplates\Module->print_content()
#23 /var/www/html/website/wp-includes/template-loader.php(106): include('...')
#24 /var/www/html/website/wp-blog-header.php(19): require_once('...')
#25 /var/www/html/website/index.php(17): require('...')
#26 {main}
  thrown in /var/www/html/website/wp-content/plugins/mycred/addons/cash-creds/includes/cashcred-shortcodes.php on line 126

2023-10-09T03:06:32+00:00 CRITICAL Uncaught TypeError: Unsupported operand types: string + string in /var/www/html/website/wp-content/plugins/mycred/addons/cash-creds/includes/cashcred-shortcodes.php:126
Stack trace:
#0 /var/www/html/website/wp-includes/shortcodes.php(395): mycred_render_cashcred()
#1 [internal function]: do_shortcode_tag()
#2 /var/www/html/website/wp-includes/shortcodes.php(235): preg_replace_callback()
#3 /var/www/html/website/wp-content/plugins/elementor/includes/widgets/shortcode.php(130): do_shortcode()
#4 /var/www/html/website/wp-content/plugins/elementor/includes/base/controls-stack.php(2265): Elementor\Widget_Shortcode->render()
#5 /var/www/html/website/wp-content/plugins/elementor/includes/base/widget-base.php(609): Elementor\Controls_Stack->render_by_mode()
#6 /var/www/html/website/wp-content/plugins/elementor/includes/base/widget-base.php(750): Elementor\Widget_Base->render_content()
#7 /var/www/html/website/wp-content/plugins/elementor/includes/base/element-base.php(464): Elementor\Widget_Base->print_content()
#8 /var/www/html/website/wp-content/plugins/elementor/includes/base/element-base.php(1375): Elementor\Element_Base->print_element()
#9 /var/www/html/website/wp-content/plugins/elementor/includes/base/element-base.php(464): Elementor\Element_Base->print_content()
#10 /var/www/html/website/wp-content/plugins/elementor/includes/base/element-base.php(1375): Elementor\Element_Base->print_element()
#11 /var/www/html/website/wp-content/plugins/elementor/includes/base/element-base.php(464): Elementor\Element_Base->print_content()
#12 /var/www/html/website/wp-content/plugins/elementor/core/base/document.php(1739): Elementor\Element_Base->print_element()
#13 /var/www/html/website/wp-content/plugins/elementor/core/base/document.php(1134): Elementor\Core\Base\Document->print_elements()
#14 /var/www/html/website/wp-content/plugins/elementor/includes/frontend.php(1179): Elementor\Core\Base\Document->print_elements_with_wrapper()
#15 /var/www/html/website/wp-content/plugins/elementor/includes/frontend.php(1074): Elementor\Frontend->get_builder_content()
#16 /var/www/html/website/wp-includes/class-wp-hook.php(310): Elementor\Frontend->apply_builder_in_content()
#17 /var/www/html/website/wp-includes/plugin.php(205): WP_Hook->apply_filters()
#18 /var/www/html/website/wp-includes/post-template.php(256): apply_filters()
#19 /var/www/html/website/wp-content/plugins/elementor/modules/page-templates/module.php(190): the_content()
#20 [internal function]: Elementor\Modules\PageTemplates\Module->print_callback()
#21 /var/www/html/website/wp-content/plugins/elementor/modules/page-templates/module.php(207): call_user_func()
#22 /var/www/html/website/wp-content/plugins/elementor/modules/page-templates/templates/canvas.php(38): Elementor\Modules\PageTemplates\Module->print_content()
#23 /var/www/html/website/wp-includes/template-loader.php(106): include('...')
#24 /var/www/html/website/wp-blog-header.php(19): require_once('...')
#25 /var/www/html/website/index.php(17): require('...')
#26 {main}
  thrown in /var/www/html/website/wp-content/plugins/mycred/addons/cash-creds/includes/cashcred-shortcodes.php on line 126

2023-10-09T03:06:32+00:00 CRITICAL Uncaught TypeError: Unsupported operand types: string + string in /var/www/html/website/wp-content/plugins/mycred/addons/cash-creds/includes/cashcred-shortcodes.php:126
Stack trace:
#0 /var/www/html/website/wp-includes/shortcodes.php(395): mycred_render_cashcred()
#1 [internal function]: do_shortcode_tag()
#2 /var/www/html/website/wp-includes/shortcodes.php(235): preg_replace_callback()
#3 /var/www/html/website/wp-content/plugins/elementor/includes/widgets/shortcode.php(130): do_shortcode()
#4 /var/www/html/website/wp-content/plugins/elementor/includes/base/controls-stack.php(2265): Elementor\Widget_Shortcode->render()
#5 /var/www/html/website/wp-content/plugins/elementor/includes/base/widget-base.php(609): Elementor\Controls_Stack->render_by_mode()
#6 /var/www/html/website/wp-content/plugins/elementor/includes/base/widget-base.php(750): Elementor\Widget_Base->render_content()
#7 /var/www/html/website/wp-content/plugins/elementor/includes/base/element-base.php(464): Elementor\Widget_Base->print_content()
#8 /var/www/html/website/wp-content/plugins/elementor/includes/base/element-base.php(1375): Elementor\Element_Base->print_element()
#9 /var/www/html/website/wp-content/plugins/elementor/includes/base/element-base.php(464): Elementor\Element_Base->print_content()
#10 /var/www/html/website/wp-content/plugins/elementor/includes/base/element-base.php(1375): Elementor\Element_Base->print_element()
#11 /var/www/html/website/wp-content/plugins/elementor/includes/base/element-base.php(464): Elementor\Element_Base->print_content()
#12 /var/www/html/website/wp-content/plugins/elementor/core/base/document.php(1739): Elementor\Element_Base->print_element()
#13 /var/www/html/website/wp-content/plugins/elementor/core/base/document.php(1134): Elementor\Core\Base\Document->print_elements()
#14 /var/www/html/website/wp-content/plugins/elementor/includes/frontend.php(1179): Elementor\Core\Base\Document->print_elements_with_wrapper()
#15 /var/www/html/website/wp-content/plugins/elementor/includes/frontend.php(1074): Elementor\Frontend->get_builder_content()
#16 /var/www/html/website/wp-includes/class-wp-hook.php(310): Elementor\Frontend->apply_builder_in_content()
#17 /var/www/html/website/wp-includes/plugin.php(205): WP_Hook->apply_filters()
#18 /var/www/html/website/wp-includes/post-template.php(256): apply_filters()
#19 /var/www/html/website/wp-content/plugins/elementor/modules/page-templates/module.php(190): the_content()
#20 [internal function]: Elementor\Modules\PageTemplates\Module->print_callback()
#21 /var/www/html/website/wp-content/plugins/elementor/modules/page-templates/module.php(207): call_user_func()
#22 /var/www/html/website/wp-content/plugins/elementor/modules/page-templates/templates/canvas.php(38): Elementor\Modules\PageTemplates\Module->print_content()
#23 /var/www/html/website/wp-includes/template-loader.php(106): include('...')
#24 /var/www/html/website/wp-blog-header.php(19): require_once('...')
#25 /var/www/html/website/index.php(17): require('...')
#26 {main}
  thrown in /var/www/html/website/wp-content/plugins/mycred/addons/cash-creds/includes/cashcred-shortcodes.php on line 126

2023-10-09T12:37:00+00:00 CRITICAL Uncaught TypeError: Unsupported operand types: string + string in /var/www/html/website/wp-content/plugins/mycred/addons/cash-creds/includes/cashcred-shortcodes.php:126
Stack trace:
#0 /var/www/html/website/wp-includes/shortcodes.php(395): mycred_render_cashcred()
#1 [internal function]: do_shortcode_tag()
#2 /var/www/html/website/wp-includes/shortcodes.php(235): preg_replace_callback()
#3 /var/www/html/website/wp-content/plugins/elementor/includes/widgets/shortcode.php(130): do_shortcode()
#4 /var/www/html/website/wp-content/plugins/elementor/includes/base/controls-stack.php(2265): Elementor\Widget_Shortcode->render()
#5 /var/www/html/website/wp-content/plugins/elementor/includes/base/widget-base.php(609): Elementor\Controls_Stack->render_by_mode()
#6 /var/www/html/website/wp-content/plugins/elementor/includes/base/widget-base.php(750): Elementor\Widget_Base->render_content()
#7 /var/www/html/website/wp-content/plugins/elementor/includes/base/element-base.php(464): Elementor\Widget_Base->print_content()
#8 /var/www/html/website/wp-content/plugins/elementor/includes/base/element-base.php(1375): Elementor\Element_Base->print_element()
#9 /var/www/html/website/wp-content/plugins/elementor/includes/base/element-base.php(464): Elementor\Element_Base->print_content()
#10 /var/www/html/website/wp-content/plugins/elementor/includes/base/element-base.php(1375): Elementor\Element_Base->print_element()
#11 /var/www/html/website/wp-content/plugins/elementor/includes/base/element-base.php(464): Elementor\Element_Base->print_content()
#12 /var/www/html/website/wp-content/plugins/elementor/core/base/document.php(1739): Elementor\Element_Base->print_element()
#13 /var/www/html/website/wp-content/plugins/elementor/core/base/document.php(1134): Elementor\Core\Base\Document->print_elements()
#14 /var/www/html/website/wp-content/plugins/elementor/includes/frontend.php(1179): Elementor\Core\Base\Document->print_elements_with_wrapper()
#15 /var/www/html/website/wp-content/plugins/elementor/includes/frontend.php(1074): Elementor\Frontend->get_builder_content()
#16 /var/www/html/website/wp-includes/class-wp-hook.php(310): Elementor\Frontend->apply_builder_in_content()
#17 /var/www/html/website/wp-includes/plugin.php(205): WP_Hook->apply_filters()
#18 /var/www/html/website/wp-includes/post-template.php(256): apply_filters()
#19 /var/www/html/website/wp-content/plugins/elementor/modules/page-templates/module.php(190): the_content()
#20 [internal function]: Elementor\Modules\PageTemplates\Module->print_callback()
#21 /var/www/html/website/wp-content/plugins/elementor/modules/page-templates/module.php(207): call_user_func()
#22 /var/www/html/website/wp-content/plugins/elementor/modules/page-templates/templates/canvas.php(38): Elementor\Modules\PageTemplates\Module->print_content()
#23 /var/www/html/website/wp-includes/template-loader.php(106): include('...')
#24 /var/www/html/website/wp-blog-header.php(19): require_once('...')
#25 /var/www/html/website/index.php(17): require('...')
#26 {main}
  thrown in /var/www/html/website/wp-content/plugins/mycred/addons/cash-creds/includes/cashcred-shortcodes.php on line 126

2023-10-09T12:39:54+00:00 CRITICAL Uncaught TypeError: Unsupported operand types: string + string in /var/www/html/website/wp-content/plugins/mycred/addons/cash-creds/modules/cashcred-module-withdrawal.php:1004
Stack trace:
#0 /var/www/html/website/wp-admin/includes/template.php(1443): cashCRED_Pending_Payments->metabox_pending_payment()
#1 /var/www/html/website/wp-admin/edit-form-advanced.php(688): do_meta_boxes()
#2 /var/www/html/website/wp-admin/post.php(206): require('...')
#3 {main}
  thrown in /var/www/html/website/wp-content/plugins/mycred/addons/cash-creds/modules/cashcred-module-withdrawal.php on line 1004

2023-10-09T12:43:34+00:00 CRITICAL Uncaught TypeError: Unsupported operand types: string + string in /var/www/html/website/wp-content/plugins/mycred/addons/cash-creds/includes/cashcred-shortcodes.php:126
Stack trace:
#0 /var/www/html/website/wp-includes/shortcodes.php(395): mycred_render_cashcred()
#1 [internal function]: do_shortcode_tag()
#2 /var/www/html/website/wp-includes/shortcodes.php(235): preg_replace_callback()
#3 /var/www/html/website/wp-content/plugins/elementor/includes/widgets/shortcode.php(130): do_shortcode()
#4 /var/www/html/website/wp-content/plugins/elementor/includes/base/controls-stack.php(2265): Elementor\Widget_Shortcode->render()
#5 /var/www/html/website/wp-content/plugins/elementor/includes/base/widget-base.php(609): Elementor\Controls_Stack->render_by_mode()
#6 /var/www/html/website/wp-content/plugins/elementor/includes/base/widget-base.php(750): Elementor\Widget_Base->render_content()
#7 /var/www/html/website/wp-content/plugins/elementor/includes/base/element-base.php(464): Elementor\Widget_Base->print_content()
#8 /var/www/html/website/wp-content/plugins/elementor/includes/base/element-base.php(1375): Elementor\Element_Base->print_element()
#9 /var/www/html/website/wp-content/plugins/elementor/includes/base/element-base.php(464): Elementor\Element_Base->print_content()
#10 /var/www/html/website/wp-content/plugins/elementor/includes/base/element-base.php(1375): Elementor\Element_Base->print_element()
#11 /var/www/html/website/wp-content/plugins/elementor/includes/base/element-base.php(464): Elementor\Element_Base->print_content()
#12 /var/www/html/website/wp-content/plugins/elementor/core/base/document.php(1739): Elementor\Element_Base->print_element()
#13 /var/www/html/website/wp-content/plugins/elementor/core/base/document.php(1134): Elementor\Core\Base\Document->print_elements()
#14 /var/www/html/website/wp-content/plugins/elementor/includes/frontend.php(1179): Elementor\Core\Base\Document->print_elements_with_wrapper()
#15 /var/www/html/website/wp-content/plugins/elementor/includes/frontend.php(1074): Elementor\Frontend->get_builder_content()
#16 /var/www/html/website/wp-includes/class-wp-hook.php(310): Elementor\Frontend->apply_builder_in_content()
#17 /var/www/html/website/wp-includes/plugin.php(205): WP_Hook->apply_filters()
#18 /var/www/html/website/wp-includes/post-template.php(256): apply_filters()
#19 /var/www/html/website/wp-content/plugins/elementor/modules/page-templates/module.php(190): the_content()
#20 [internal function]: Elementor\Modules\PageTemplates\Module->print_callback()
#21 /var/www/html/website/wp-content/plugins/elementor/modules/page-templates/module.php(207): call_user_func()
#22 /var/www/html/website/wp-content/plugins/elementor/modules/page-templates/templates/canvas.php(38): Elementor\Modules\PageTemplates\Module->print_content()
#23 /var/www/html/website/wp-includes/template-loader.php(106): include('...')
#24 /var/www/html/website/wp-blog-header.php(19): require_once('...')
#25 /var/www/html/website/index.php(17): require('...')
#26 {main}
  thrown in /var/www/html/website/wp-content/plugins/mycred/addons/cash-creds/includes/cashcred-shortcodes.php on line 126

2023-10-09T12:46:33+00:00 CRITICAL Uncaught TypeError: Unsupported operand types: string + string in /var/www/html/website/wp-content/plugins/mycred/addons/cash-creds/modules/cashcred-module-withdrawal.php:1004
Stack trace:
#0 /var/www/html/website/wp-admin/includes/template.php(1443): cashCRED_Pending_Payments->metabox_pending_payment()
#1 /var/www/html/website/wp-admin/edit-form-advanced.php(688): do_meta_boxes()
#2 /var/www/html/website/wp-admin/post.php(206): require('...')
#3 {main}
  thrown in /var/www/html/website/wp-content/plugins/mycred/addons/cash-creds/modules/cashcred-module-withdrawal.php on line 1004

2023-10-09T12:46:50+00:00 CRITICAL Uncaught TypeError: Unsupported operand types: string + string in /var/www/html/website/wp-content/plugins/mycred/addons/cash-creds/modules/cashcred-module-withdrawal.php:1004
Stack trace:
#0 /var/www/html/website/wp-admin/includes/template.php(1443): cashCRED_Pending_Payments->metabox_pending_payment()
#1 /var/www/html/website/wp-admin/edit-form-advanced.php(688): do_meta_boxes()
#2 /var/www/html/website/wp-admin/post.php(206): require('...')
#3 {main}
  thrown in /var/www/html/website/wp-content/plugins/mycred/addons/cash-creds/modules/cashcred-module-withdrawal.php on line 1004

2023-10-09T13:08:51+00:00 CRITICAL Uncaught TypeError: Unsupported operand types: string + string in /var/www/html/website/wp-content/plugins/mycred/addons/cash-creds/includes/cashcred-shortcodes.php:126
Stack trace:
#0 /var/www/html/website/wp-includes/shortcodes.php(395): mycred_render_cashcred()
#1 [internal function]: do_shortcode_tag()
#2 /var/www/html/website/wp-includes/shortcodes.php(235): preg_replace_callback()
#3 /var/www/html/website/wp-content/plugins/elementor/includes/widgets/shortcode.php(130): do_shortcode()
#4 /var/www/html/website/wp-content/plugins/elementor/includes/base/controls-stack.php(2265): Elementor\Widget_Shortcode->render()
#5 /var/www/html/website/wp-content/plugins/elementor/includes/base/widget-base.php(609): Elementor\Controls_Stack->render_by_mode()
#6 /var/www/html/website/wp-content/plugins/elementor/includes/base/widget-base.php(750): Elementor\Widget_Base->render_content()
#7 /var/www/html/website/wp-content/plugins/elementor/includes/base/element-base.php(464): Elementor\Widget_Base->print_content()
#8 /var/www/html/website/wp-content/plugins/elementor/includes/base/element-base.php(1375): Elementor\Element_Base->print_element()
#9 /var/www/html/website/wp-content/plugins/elementor/includes/base/element-base.php(464): Elementor\Element_Base->print_content()
#10 /var/www/html/website/wp-content/plugins/elementor/includes/base/element-base.php(1375): Elementor\Element_Base->print_element()
#11 /var/www/html/website/wp-content/plugins/elementor/includes/base/element-base.php(464): Elementor\Element_Base->print_content()
#12 /var/www/html/website/wp-content/plugins/elementor/core/base/document.php(1739): Elementor\Element_Base->print_element()
#13 /var/www/html/website/wp-content/plugins/elementor/core/base/document.php(1134): Elementor\Core\Base\Document->print_elements()
#14 /var/www/html/website/wp-content/plugins/elementor/includes/frontend.php(1179): Elementor\Core\Base\Document->print_elements_with_wrapper()
#15 /var/www/html/website/wp-content/plugins/elementor/includes/frontend.php(1074): Elementor\Frontend->get_builder_content()
#16 /var/www/html/website/wp-includes/class-wp-hook.php(310): Elementor\Frontend->apply_builder_in_content()
#17 /var/www/html/website/wp-includes/plugin.php(205): WP_Hook->apply_filters()
#18 /var/www/html/website/wp-includes/post-template.php(256): apply_filters()
#19 /var/www/html/website/wp-content/plugins/elementor/modules/page-templates/module.php(190): the_content()
#20 [internal function]: Elementor\Modules\PageTemplates\Module->print_callback()
#21 /var/www/html/website/wp-content/plugins/elementor/modules/page-templates/module.php(207): call_user_func()
#22 /var/www/html/website/wp-content/plugins/elementor/modules/page-templates/templates/canvas.php(38): Elementor\Modules\PageTemplates\Module->print_content()
#23 /var/www/html/website/wp-includes/template-loader.php(106): include('...')
#24 /var/www/html/website/wp-blog-header.php(19): require_once('...')
#25 /var/www/html/website/index.php(17): require('...')
#26 {main}
  thrown in /var/www/html/website/wp-content/plugins/mycred/addons/cash-creds/includes/cashcred-shortcodes.php on line 126

2023-10-09T13:10:01+00:00 CRITICAL Uncaught TypeError: Unsupported operand types: string + string in /var/www/html/website/wp-content/plugins/mycred/addons/cash-creds/modules/cashcred-module-withdrawal.php:1004
Stack trace:
#0 /var/www/html/website/wp-admin/includes/template.php(1443): cashCRED_Pending_Payments->metabox_pending_payment()
#1 /var/www/html/website/wp-admin/edit-form-advanced.php(688): do_meta_boxes()
#2 /var/www/html/website/wp-admin/post.php(206): require('...')
#3 {main}
  thrown in /var/www/html/website/wp-content/plugins/mycred/addons/cash-creds/modules/cashcred-module-withdrawal.php on line 1004

2023-10-09T13:10:17+00:00 CRITICAL Uncaught TypeError: Unsupported operand types: string + string in /var/www/html/website/wp-content/plugins/mycred/addons/cash-creds/modules/cashcred-module-withdrawal.php:1004
Stack trace:
#0 /var/www/html/website/wp-admin/includes/template.php(1443): cashCRED_Pending_Payments->metabox_pending_payment()
#1 /var/www/html/website/wp-admin/edit-form-advanced.php(688): do_meta_boxes()
#2 /var/www/html/website/wp-admin/post.php(206): require('...')
#3 {main}
  thrown in /var/www/html/website/wp-content/plugins/mycred/addons/cash-creds/modules/cashcred-module-withdrawal.php on line 1004

2023-10-09T13:10:21+00:00 CRITICAL Uncaught TypeError: Unsupported operand types: string + string in /var/www/html/website/wp-content/plugins/mycred/addons/cash-creds/modules/cashcred-module-withdrawal.php:1004
Stack trace:
#0 /var/www/html/website/wp-admin/includes/template.php(1443): cashCRED_Pending_Payments->metabox_pending_payment()
#1 /var/www/html/website/wp-admin/edit-form-advanced.php(688): do_meta_boxes()
#2 /var/www/html/website/wp-admin/post.php(206): require('...')
#3 {main}
  thrown in /var/www/html/website/wp-content/plugins/mycred/addons/cash-creds/modules/cashcred-module-withdrawal.php on line 1004

2023-10-09T13:10:32+00:00 CRITICAL Uncaught TypeError: Unsupported operand types: string * string in /var/www/html/website/wp-content/plugins/mycred/addons/cash-creds/modules/cashcred-module-withdrawal.php:672
Stack trace:
#0 /var/www/html/website/wp-admin/includes/template.php(1443): cashCRED_Pending_Payments->cashcred_payment_pay()
#1 /var/www/html/website/wp-admin/edit-form-advanced.php(681): do_meta_boxes()
#2 /var/www/html/website/wp-admin/post-new.php(75): require('...')
#3 {main}
  thrown in /var/www/html/website/wp-content/plugins/mycred/addons/cash-creds/modules/cashcred-module-withdrawal.php on line 672

2023-10-09T13:10:42+00:00 CRITICAL Uncaught TypeError: Unsupported operand types: string + string in /var/www/html/website/wp-content/plugins/mycred/addons/cash-creds/modules/cashcred-module-withdrawal.php:1004
Stack trace:
#0 /var/www/html/website/wp-admin/includes/template.php(1443): cashCRED_Pending_Payments->metabox_pending_payment()
#1 /var/www/html/website/wp-admin/edit-form-advanced.php(688): do_meta_boxes()
#2 /var/www/html/website/wp-admin/post.php(206): require('...')
#3 {main}
  thrown in /var/www/html/website/wp-content/plugins/mycred/addons/cash-creds/modules/cashcred-module-withdrawal.php on line 1004

2023-10-09T13:11:04+00:00 CRITICAL Uncaught TypeError: Unsupported operand types: string + string in /var/www/html/website/wp-content/plugins/mycred/addons/cash-creds/modules/cashcred-module-withdrawal.php:1004
Stack trace:
#0 /var/www/html/website/wp-admin/includes/template.php(1443): cashCRED_Pending_Payments->metabox_pending_payment()
#1 /var/www/html/website/wp-admin/edit-form-advanced.php(688): do_meta_boxes()
#2 /var/www/html/website/wp-admin/post.php(206): require('...')
#3 {main}
  thrown in /var/www/html/website/wp-content/plugins/mycred/addons/cash-creds/modules/cashcred-module-withdrawal.php on line 1004

2023-10-09T13:11:24+00:00 CRITICAL Uncaught TypeError: Unsupported operand types: string + string in /var/www/html/website/wp-content/plugins/mycred/addons/cash-creds/includes/cashcred-shortcodes.php:307
Stack trace:
#0 /var/www/html/website/wp-includes/shortcodes.php(395): mycred_render_cashcred()
#1 [internal function]: do_shortcode_tag()
#2 /var/www/html/website/wp-includes/shortcodes.php(235): preg_replace_callback()
#3 /var/www/html/website/wp-content/plugins/elementor/includes/widgets/shortcode.php(130): do_shortcode()
#4 /var/www/html/website/wp-content/plugins/elementor/includes/base/controls-stack.php(2265): Elementor\Widget_Shortcode->render()
#5 /var/www/html/website/wp-content/plugins/elementor/includes/base/widget-base.php(609): Elementor\Controls_Stack->render_by_mode()
#6 /var/www/html/website/wp-content/plugins/elementor/includes/base/widget-base.php(750): Elementor\Widget_Base->render_content()
#7 /var/www/html/website/wp-content/plugins/elementor/includes/base/element-base.php(464): Elementor\Widget_Base->print_content()
#8 /var/www/html/website/wp-content/plugins/elementor/includes/base/element-base.php(1375): Elementor\Element_Base->print_element()
#9 /var/www/html/website/wp-content/plugins/elementor/includes/base/element-base.php(464): Elementor\Element_Base->print_content()
#10 /var/www/html/website/wp-content/plugins/elementor/includes/base/element-base.php(1375): Elementor\Element_Base->print_element()
#11 /var/www/html/website/wp-content/plugins/elementor/includes/base/element-base.php(464): Elementor\Element_Base->print_content()
#12 /var/www/html/website/wp-content/plugins/elementor/core/base/document.php(1739): Elementor\Element_Base->print_element()
#13 /var/www/html/website/wp-content/plugins/elementor/core/base/document.php(1134): Elementor\Core\Base\Document->print_elements()
#14 /var/www/html/website/wp-content/plugins/elementor/includes/frontend.php(1179): Elementor\Core\Base\Document->print_elements_with_wrapper()
#15 /var/www/html/website/wp-content/plugins/elementor/includes/frontend.php(1074): Elementor\Frontend->get_builder_content()
#16 /var/www/html/website/wp-includes/class-wp-hook.php(310): Elementor\Frontend->apply_builder_in_content()
#17 /var/www/html/website/wp-includes/plugin.php(205): WP_Hook->apply_filters()
#18 /var/www/html/website/wp-includes/post-template.php(256): apply_filters()
#19 /var/www/html/website/wp-content/plugins/elementor/modules/page-templates/module.php(190): the_content()
#20 [internal function]: Elementor\Modules\PageTemplates\Module->print_callback()
#21 /var/www/html/website/wp-content/plugins/elementor/modules/page-templates/module.php(207): call_user_func()
#22 /var/www/html/website/wp-content/plugins/elementor/modules/page-templates/templates/canvas.php(38): Elementor\Modules\PageTemplates\Module->print_content()
#23 /var/www/html/website/wp-includes/template-loader.php(106): include('...')
#24 /var/www/html/website/wp-blog-header.php(19): require_once('...')
#25 /var/www/html/website/index.php(17): require('...')
#26 {main}
  thrown in /var/www/html/website/wp-content/plugins/mycred/addons/cash-creds/includes/cashcred-shortcodes.php on line 307

2023-10-09T13:11:37+00:00 CRITICAL Uncaught TypeError: Unsupported operand types: string + string in /var/www/html/website/wp-content/plugins/mycred/addons/cash-creds/includes/cashcred-shortcodes.php:307
Stack trace:
#0 /var/www/html/website/wp-includes/shortcodes.php(395): mycred_render_cashcred()
#1 [internal function]: do_shortcode_tag()
#2 /var/www/html/website/wp-includes/shortcodes.php(235): preg_replace_callback()
#3 /var/www/html/website/wp-content/plugins/elementor/includes/widgets/shortcode.php(130): do_shortcode()
#4 /var/www/html/website/wp-content/plugins/elementor/includes/base/controls-stack.php(2265): Elementor\Widget_Shortcode->render()
#5 /var/www/html/website/wp-content/plugins/elementor/includes/base/widget-base.php(609): Elementor\Controls_Stack->render_by_mode()
#6 /var/www/html/website/wp-content/plugins/elementor/includes/base/widget-base.php(750): Elementor\Widget_Base->render_content()
#7 /var/www/html/website/wp-content/plugins/elementor/includes/base/element-base.php(464): Elementor\Widget_Base->print_content()
#8 /var/www/html/website/wp-content/plugins/elementor/includes/base/element-base.php(1375): Elementor\Element_Base->print_element()
#9 /var/www/html/website/wp-content/plugins/elementor/includes/base/element-base.php(464): Elementor\Element_Base->print_content()
#10 /var/www/html/website/wp-content/plugins/elementor/includes/base/element-base.php(1375): Elementor\Element_Base->print_element()
#11 /var/www/html/website/wp-content/plugins/elementor/includes/base/element-base.php(464): Elementor\Element_Base->print_content()
#12 /var/www/html/website/wp-content/plugins/elementor/core/base/document.php(1739): Elementor\Element_Base->print_element()
#13 /var/www/html/website/wp-content/plugins/elementor/core/base/document.php(1134): Elementor\Core\Base\Document->print_elements()
#14 /var/www/html/website/wp-content/plugins/elementor/includes/frontend.php(1179): Elementor\Core\Base\Document->print_elements_with_wrapper()
#15 /var/www/html/website/wp-content/plugins/elementor/includes/frontend.php(1074): Elementor\Frontend->get_builder_content()
#16 /var/www/html/website/wp-includes/class-wp-hook.php(310): Elementor\Frontend->apply_builder_in_content()
#17 /var/www/html/website/wp-includes/plugin.php(205): WP_Hook->apply_filters()
#18 /var/www/html/website/wp-includes/post-template.php(256): apply_filters()
#19 /var/www/html/website/wp-content/plugins/elementor/modules/page-templates/module.php(190): the_content()
#20 [internal function]: Elementor\Modules\PageTemplates\Module->print_callback()
#21 /var/www/html/website/wp-content/plugins/elementor/modules/page-templates/module.php(207): call_user_func()
#22 /var/www/html/website/wp-content/plugins/elementor/modules/page-templates/templates/canvas.php(38): Elementor\Modules\PageTemplates\Module->print_content()
#23 /var/www/html/website/wp-includes/template-loader.php(106): include('...')
#24 /var/www/html/website/wp-blog-header.php(19): require_once('...')
#25 /var/www/html/website/index.php(17): require('...')
#26 {main}
  thrown in /var/www/html/website/wp-content/plugins/mycred/addons/cash-creds/includes/cashcred-shortcodes.php on line 307

2023-10-09T13:20:42+00:00 CRITICAL Uncaught TypeError: Unsupported operand types: string + string in /var/www/html/website/wp-content/plugins/mycred/addons/cash-creds/includes/cashcred-shortcodes.php:307
Stack trace:
#0 /var/www/html/website/wp-includes/shortcodes.php(395): mycred_render_cashcred()
#1 [internal function]: do_shortcode_tag()
#2 /var/www/html/website/wp-includes/shortcodes.php(235): preg_replace_callback()
#3 /var/www/html/website/wp-content/plugins/elementor/includes/widgets/shortcode.php(130): do_shortcode()
#4 /var/www/html/website/wp-content/plugins/elementor/includes/base/controls-stack.php(2265): Elementor\Widget_Shortcode->render()
#5 /var/www/html/website/wp-content/plugins/elementor/includes/base/widget-base.php(609): Elementor\Controls_Stack->render_by_mode()
#6 /var/www/html/website/wp-content/plugins/elementor/includes/base/widget-base.php(750): Elementor\Widget_Base->render_content()
#7 /var/www/html/website/wp-content/plugins/elementor/includes/base/element-base.php(464): Elementor\Widget_Base->print_content()
#8 /var/www/html/website/wp-content/plugins/elementor/includes/base/element-base.php(1375): Elementor\Element_Base->print_element()
#9 /var/www/html/website/wp-content/plugins/elementor/includes/base/element-base.php(464): Elementor\Element_Base->print_content()
#10 /var/www/html/website/wp-content/plugins/elementor/includes/base/element-base.php(1375): Elementor\Element_Base->print_element()
#11 /var/www/html/website/wp-content/plugins/elementor/includes/base/element-base.php(464): Elementor\Element_Base->print_content()
#12 /var/www/html/website/wp-content/plugins/elementor/core/base/document.php(1739): Elementor\Element_Base->print_element()
#13 /var/www/html/website/wp-content/plugins/elementor/core/base/document.php(1134): Elementor\Core\Base\Document->print_elements()
#14 /var/www/html/website/wp-content/plugins/elementor/includes/frontend.php(1179): Elementor\Core\Base\Document->print_elements_with_wrapper()
#15 /var/www/html/website/wp-content/plugins/elementor/includes/frontend.php(1074): Elementor\Frontend->get_builder_content()
#16 /var/www/html/website/wp-includes/class-wp-hook.php(310): Elementor\Frontend->apply_builder_in_content()
#17 /var/www/html/website/wp-includes/plugin.php(205): WP_Hook->apply_filters()
#18 /var/www/html/website/wp-includes/post-template.php(256): apply_filters()
#19 /var/www/html/website/wp-content/plugins/elementor/modules/page-templates/module.php(190): the_content()
#20 [internal function]: Elementor\Modules\PageTemplates\Module->print_callback()
#21 /var/www/html/website/wp-content/plugins/elementor/modules/page-templates/module.php(207): call_user_func()
#22 /var/www/html/website/wp-content/plugins/elementor/modules/page-templates/templates/canvas.php(38): Elementor\Modules\PageTemplates\Module->print_content()
#23 /var/www/html/website/wp-includes/template-loader.php(106): include('...')
#24 /var/www/html/website/wp-blog-header.php(19): require_once('...')
#25 /var/www/html/website/index.php(17): require('...')
#26 {main}
  thrown in /var/www/html/website/wp-content/plugins/mycred/addons/cash-creds/includes/cashcred-shortcodes.php on line 307

2023-10-09T13:24:05+00:00 CRITICAL Uncaught TypeError: Unsupported operand types: string + string in /var/www/html/website/wp-content/plugins/mycred/addons/cash-creds/includes/cashcred-shortcodes.php:307
Stack trace:
#0 /var/www/html/website/wp-includes/shortcodes.php(395): mycred_render_cashcred()
#1 [internal function]: do_shortcode_tag()
#2 /var/www/html/website/wp-includes/shortcodes.php(235): preg_replace_callback()
#3 /var/www/html/website/wp-content/plugins/elementor/includes/widgets/shortcode.php(130): do_shortcode()
#4 /var/www/html/website/wp-content/plugins/elementor/includes/base/controls-stack.php(2265): Elementor\Widget_Shortcode->render()
#5 /var/www/html/website/wp-content/plugins/elementor/includes/base/widget-base.php(609): Elementor\Controls_Stack->render_by_mode()
#6 /var/www/html/website/wp-content/plugins/elementor/includes/base/widget-base.php(750): Elementor\Widget_Base->render_content()
#7 /var/www/html/website/wp-content/plugins/elementor/includes/base/element-base.php(464): Elementor\Widget_Base->print_content()
#8 /var/www/html/website/wp-content/plugins/elementor/includes/base/element-base.php(1375): Elementor\Element_Base->print_element()
#9 /var/www/html/website/wp-content/plugins/elementor/includes/base/element-base.php(464): Elementor\Element_Base->print_content()
#10 /var/www/html/website/wp-content/plugins/elementor/includes/base/element-base.php(1375): Elementor\Element_Base->print_element()
#11 /var/www/html/website/wp-content/plugins/elementor/includes/base/element-base.php(464): Elementor\Element_Base->print_content()
#12 /var/www/html/website/wp-content/plugins/elementor/core/base/document.php(1739): Elementor\Element_Base->print_element()
#13 /var/www/html/website/wp-content/plugins/elementor/core/base/document.php(1134): Elementor\Core\Base\Document->print_elements()
#14 /var/www/html/website/wp-content/plugins/elementor/includes/frontend.php(1179): Elementor\Core\Base\Document->print_elements_with_wrapper()
#15 /var/www/html/website/wp-content/plugins/elementor/includes/frontend.php(1074): Elementor\Frontend->get_builder_content()
#16 /var/www/html/website/wp-includes/class-wp-hook.php(310): Elementor\Frontend->apply_builder_in_content()
#17 /var/www/html/website/wp-includes/plugin.php(205): WP_Hook->apply_filters()
#18 /var/www/html/website/wp-includes/post-template.php(256): apply_filters()
#19 /var/www/html/website/wp-content/plugins/elementor/modules/page-templates/module.php(190): the_content()
#20 [internal function]: Elementor\Modules\PageTemplates\Module->print_callback()
#21 /var/www/html/website/wp-content/plugins/elementor/modules/page-templates/module.php(207): call_user_func()
#22 /var/www/html/website/wp-content/plugins/elementor/modules/page-templates/templates/canvas.php(38): Elementor\Modules\PageTemplates\Module->print_content()
#23 /var/www/html/website/wp-includes/template-loader.php(106): include('...')
#24 /var/www/html/website/wp-blog-header.php(19): require_once('...')
#25 /var/www/html/website/index.php(17): require('...')
#26 {main}
  thrown in /var/www/html/website/wp-content/plugins/mycred/addons/cash-creds/includes/cashcred-shortcodes.php on line 307

2023-10-09T13:24:06+00:00 CRITICAL Uncaught TypeError: Unsupported operand types: string + string in /var/www/html/website/wp-content/plugins/mycred/addons/cash-creds/includes/cashcred-shortcodes.php:307
Stack trace:
#0 /var/www/html/website/wp-includes/shortcodes.php(395): mycred_render_cashcred()
#1 [internal function]: do_shortcode_tag()
#2 /var/www/html/website/wp-includes/shortcodes.php(235): preg_replace_callback()
#3 /var/www/html/website/wp-content/plugins/elementor/includes/widgets/shortcode.php(130): do_shortcode()
#4 /var/www/html/website/wp-content/plugins/elementor/includes/base/controls-stack.php(2265): Elementor\Widget_Shortcode->render()
#5 /var/www/html/website/wp-content/plugins/elementor/includes/base/widget-base.php(609): Elementor\Controls_Stack->render_by_mode()
#6 /var/www/html/website/wp-content/plugins/elementor/includes/base/widget-base.php(750): Elementor\Widget_Base->render_content()
#7 /var/www/html/website/wp-content/plugins/elementor/includes/base/element-base.php(464): Elementor\Widget_Base->print_content()
#8 /var/www/html/website/wp-content/plugins/elementor/includes/base/element-base.php(1375): Elementor\Element_Base->print_element()
#9 /var/www/html/website/wp-content/plugins/elementor/includes/base/element-base.php(464): Elementor\Element_Base->print_content()
#10 /var/www/html/website/wp-content/plugins/elementor/includes/base/element-base.php(1375): Elementor\Element_Base->print_element()
#11 /var/www/html/website/wp-content/plugins/elementor/includes/base/element-base.php(464): Elementor\Element_Base->print_content()
#12 /var/www/html/website/wp-content/plugins/elementor/core/base/document.php(1739): Elementor\Element_Base->print_element()
#13 /var/www/html/website/wp-content/plugins/elementor/core/base/document.php(1134): Elementor\Core\Base\Document->print_elements()
#14 /var/www/html/website/wp-content/plugins/elementor/includes/frontend.php(1179): Elementor\Core\Base\Document->print_elements_with_wrapper()
#15 /var/www/html/website/wp-content/plugins/elementor/includes/frontend.php(1074): Elementor\Frontend->get_builder_content()
#16 /var/www/html/website/wp-includes/class-wp-hook.php(310): Elementor\Frontend->apply_builder_in_content()
#17 /var/www/html/website/wp-includes/plugin.php(205): WP_Hook->apply_filters()
#18 /var/www/html/website/wp-includes/post-template.php(256): apply_filters()
#19 /var/www/html/website/wp-content/plugins/elementor/modules/page-templates/module.php(190): the_content()
#20 [internal function]: Elementor\Modules\PageTemplates\Module->print_callback()
#21 /var/www/html/website/wp-content/plugins/elementor/modules/page-templates/module.php(207): call_user_func()
#22 /var/www/html/website/wp-content/plugins/elementor/modules/page-templates/templates/canvas.php(38): Elementor\Modules\PageTemplates\Module->print_content()
#23 /var/www/html/website/wp-includes/template-loader.php(106): include('...')
#24 /var/www/html/website/wp-blog-header.php(19): require_once('...')
#25 /var/www/html/website/index.php(17): require('...')
#26 {main}
  thrown in /var/www/html/website/wp-content/plugins/mycred/addons/cash-creds/includes/cashcred-shortcodes.php on line 307

