2024-02-08T11:23:14+00:00 CRITICAL Uncaught TypeError: call_user_func_array(): Argument #1 ($callback) must be a valid callback, function "fem_settings_page" not found or invalid function name in /var/www/html/website/wp-includes/class-wp-hook.php:324
Stack trace:
#0 /var/www/html/website/wp-includes/class-wp-hook.php(348): WP_Hook->apply_filters()
#1 /var/www/html/website/wp-includes/plugin.php(517): WP_Hook->do_action()
#2 /var/www/html/website/wp-admin/admin.php(259): do_action()
#3 {main}
  thrown in /var/www/html/website/wp-includes/class-wp-hook.php on line 324

2024-02-08T11:36:16+00:00 CRITICAL Uncaught TypeError: call_user_func(): Argument #1 ($callback) must be a valid callback, function "fem_evm_chain_selector_render" not found or invalid function name in /var/www/html/website/wp-admin/includes/template.php:1836
Stack trace:
#0 /var/www/html/website/wp-admin/includes/template.php(1790): do_settings_fields()
#1 /var/www/html/website/wp-content/plugins/faucet-evm-multichain/admin/settings-page.php(67): do_settings_sections()
#2 /var/www/html/website/wp-includes/class-wp-hook.php(324): fem_settings_page()
#3 /var/www/html/website/wp-includes/class-wp-hook.php(348): WP_Hook->apply_filters()
#4 /var/www/html/website/wp-includes/plugin.php(517): WP_Hook->do_action()
#5 /var/www/html/website/wp-admin/admin.php(259): do_action()
#6 {main}
  thrown in /var/www/html/website/wp-admin/includes/template.php on line 1836

2024-02-08T11:37:43+00:00 CRITICAL Uncaught TypeError: call_user_func(): Argument #1 ($callback) must be a valid callback, function "fem_evm_chain_selector_render" not found or invalid function name in /var/www/html/website/wp-admin/includes/template.php:1836
Stack trace:
#0 /var/www/html/website/wp-admin/includes/template.php(1790): do_settings_fields()
#1 /var/www/html/website/wp-content/plugins/faucet-evm-multichain/admin/settings-page.php(67): do_settings_sections()
#2 /var/www/html/website/wp-includes/class-wp-hook.php(324): fem_settings_page()
#3 /var/www/html/website/wp-includes/class-wp-hook.php(348): WP_Hook->apply_filters()
#4 /var/www/html/website/wp-includes/plugin.php(517): WP_Hook->do_action()
#5 /var/www/html/website/wp-admin/admin.php(259): do_action()
#6 {main}
  thrown in /var/www/html/website/wp-admin/includes/template.php on line 1836

2024-02-08T11:38:54+00:00 CRITICAL Uncaught TypeError: call_user_func_array(): Argument #1 ($callback) must be a valid callback, function "fem_settings_page" not found or invalid function name in /var/www/html/website/wp-includes/class-wp-hook.php:324
Stack trace:
#0 /var/www/html/website/wp-includes/class-wp-hook.php(348): WP_Hook->apply_filters()
#1 /var/www/html/website/wp-includes/plugin.php(517): WP_Hook->do_action()
#2 /var/www/html/website/wp-admin/admin.php(259): do_action()
#3 {main}
  thrown in /var/www/html/website/wp-includes/class-wp-hook.php on line 324

