06-07-2023 @ 02:01:03 - 3.1.0 - No subscription webhooks found using API version 3. No updates needed.
06-07-2023 @ 02:01:04 - 3.1.0 - No subscription webhooks found using API version 3. No updates needed.
06-07-2023 @ 02:01:04 - 5.7.2 upgrade complete from Subscriptions v0 while WooCommerce WC_VERSION 7.7.2 and database version 7.7.2 was active.
06-07-2023 @ 02:01:04 - Environment info:
06-07-2023 @ 02:01:04 -     WordPress Version : 6.2.2
06-07-2023 @ 02:01:04 - Active Plugins:
06-07-2023 @ 02:01:04 -     Elementor by Elementor.com – 3.13.4
06-07-2023 @ 02:01:04 -     EthPress by Lynn (lynn.mvp at tutanota dot com), ethereumicoio – 2.1.0
06-07-2023 @ 02:01:04 -     Site Kit by Google by Google – 1.102.0
06-07-2023 @ 02:01:04 -     LiteSpeed Cache by LiteSpeed Technologies – 5.4
06-07-2023 @ 02:01:04 -     Tutor LMS Elementor Addons by Themeum – 2.0.7
06-07-2023 @ 02:01:04 -     Tutor LMS by Themeum – 2.2.1
06-07-2023 @ 02:01:04 -     WooCommerce Payments by Automattic – 5.9.1
06-07-2023 @ 02:01:04 -     WooCommerce by Automattic – 7.7.2
06-07-2023 @ 02:01:04 - 5.7.2 upgrade complete from Subscriptions v0 while WooCommerce WC_VERSION 7.7.2 and database version 7.7.2 was active.
06-07-2023 @ 02:01:04 - Environment info:
06-07-2023 @ 02:01:04 -     WordPress Version : 6.2.2
06-07-2023 @ 02:01:04 - Active Plugins:
06-07-2023 @ 02:01:04 -     Elementor by Elementor.com – 3.13.4
06-07-2023 @ 02:01:04 -     EthPress by Lynn (lynn.mvp at tutanota dot com), ethereumicoio – 2.1.0
06-07-2023 @ 02:01:04 -     Site Kit by Google by Google – 1.102.0
06-07-2023 @ 02:01:04 -     LiteSpeed Cache by LiteSpeed Technologies – 5.4
06-07-2023 @ 02:01:04 -     Tutor LMS Elementor Addons by Themeum – 2.0.7
06-07-2023 @ 02:01:04 -     Tutor LMS by Themeum – 2.2.1
06-07-2023 @ 02:01:04 -     WooCommerce Payments by Automattic – 5.9.1
06-07-2023 @ 02:01:04 -     WooCommerce by Automattic – 7.7.2
06-07-2023 @ 02:01:10 - 3.1.0 - No subscription webhooks found using API version 3. No updates needed.
06-07-2023 @ 02:01:10 - 5.7.2 upgrade complete from Subscriptions v0 while WooCommerce WC_VERSION 7.7.2 and database version 7.7.2 was active.
06-07-2023 @ 02:01:10 - Environment info:
06-07-2023 @ 02:01:10 -     WordPress Version : 6.2.2
06-07-2023 @ 02:01:10 - Active Plugins:
06-07-2023 @ 02:01:10 -     Elementor by Elementor.com – 3.13.4
06-07-2023 @ 02:01:10 -     EthPress by Lynn (lynn.mvp at tutanota dot com), ethereumicoio – 2.1.0
06-07-2023 @ 02:01:10 -     Site Kit by Google by Google – 1.102.0
06-07-2023 @ 02:01:10 -     LiteSpeed Cache by LiteSpeed Technologies – 5.4
06-07-2023 @ 02:01:10 -     Tutor LMS Elementor Addons by Themeum – 2.0.7
06-07-2023 @ 02:01:10 -     Tutor LMS by Themeum – 2.2.1
06-07-2023 @ 02:01:10 -     WooCommerce Payments by Automattic – 5.9.1
06-07-2023 @ 02:01:10 -     WooCommerce by Automattic – 7.7.2
